C:\USERS\JASON SNOW\DOCUMENTS\VISUAL STUDIO 2010\PROJECTS\ALTACAST\TRUNK\ALTACAST\SRC\BIN\DEBUG\ALTACASTSTANDALONE.EXE
C:\USERS\JASON SNOW\DOCUMENTS\VISUAL STUDIO 2010\PROJECTS\ALTACAST\TRUNK\ALTACAST\SRC\BIN\DEBUG\ALTACASTSTANDALONE.ILK
C:\USERS\JASON SNOW\DOCUMENTS\VISUAL STUDIO 2010\PROJECTS\ALTACAST\TRUNK\ALTACAST\SRC\BIN\DEBUG\DSP_ALTACAST.DLL
C:\USERS\JASON SNOW\DOCUMENTS\VISUAL STUDIO 2010\PROJECTS\ALTACAST\TRUNK\ALTACAST\SRC\BIN\DEBUG\DSP_ALTACAST.ILK
C:\USERS\JASON SNOW\DOCUMENTS\VISUAL STUDIO 2010\PROJECTS\ALTACAST\TRUNK\ALTACAST\SRC\DEBUG\ABOUT.OBJ
C:\USERS\JASON SNOW\DOCUMENTS\VISUAL STUDIO 2010\PROJECTS\ALTACAST\TRUNK\ALTACAST\SRC\DEBUG\ADVANCEDSETTINGS.OBJ
C:\USERS\JASON SNOW\DOCUMENTS\VISUAL STUDIO 2010\PROJECTS\ALTACAST\TRUNK\ALTACAST\SRC\DEBUG\ALTACAST.RES
C:\USERS\JASON SNOW\DOCUMENTS\VISUAL STUDIO 2010\PROJECTS\ALTACAST\TRUNK\ALTACAST\SRC\DEBUG\ALTACAST_FOOBAR.DLL.EMBED.MANIFEST
C:\USERS\JASON SNOW\DOCUMENTS\VISUAL STUDIO 2010\PROJECTS\ALTACAST\TRUNK\ALTACAST\SRC\DEBUG\ALTACAST_FOOBAR.DLL.EMBED.MANIFEST.RES
C:\USERS\JASON SNOW\DOCUMENTS\VISUAL STUDIO 2010\PROJECTS\ALTACAST\TRUNK\ALTACAST\SRC\DEBUG\ALTACAST_FOOBAR.DLL.INTERMEDIATE.MANIFEST
C:\USERS\JASON SNOW\DOCUMENTS\VISUAL STUDIO 2010\PROJECTS\ALTACAST\TRUNK\ALTACAST\SRC\DEBUG\ALTACAST_FOOBAR.OBJ
C:\Users\Jason Snow\Documents\Visual Studio 2010\Projects\AltaCast\trunk\AltaCast\src\Debug\altacast_foobar.write.1.tlog
C:\Users\Jason Snow\Documents\Visual Studio 2010\Projects\AltaCast\trunk\AltaCast\src\Debug\altacast_foobar_manifest.rc
C:\USERS\JASON SNOW\DOCUMENTS\VISUAL STUDIO 2010\PROJECTS\ALTACAST\TRUNK\ALTACAST\SRC\DEBUG\ALTACAST_WINAMP.DLL.EMBED.MANIFEST
C:\USERS\JASON SNOW\DOCUMENTS\VISUAL STUDIO 2010\PROJECTS\ALTACAST\TRUNK\ALTACAST\SRC\DEBUG\ALTACAST_WINAMP.DLL.EMBED.MANIFEST.RES
C:\USERS\JASON SNOW\DOCUMENTS\VISUAL STUDIO 2010\PROJECTS\ALTACAST\TRUNK\ALTACAST\SRC\DEBUG\ALTACAST_WINAMP.DLL.INTERMEDIATE.MANIFEST
C:\USERS\JASON SNOW\DOCUMENTS\VISUAL STUDIO 2010\PROJECTS\ALTACAST\TRUNK\ALTACAST\SRC\DEBUG\ALTACAST_WINAMP.OBJ
C:\Users\Jason Snow\Documents\Visual Studio 2010\Projects\AltaCast\trunk\AltaCast\src\Debug\altacast_winamp.write.1.tlog
C:\Users\Jason Snow\Documents\Visual Studio 2010\Projects\AltaCast\trunk\AltaCast\src\Debug\altacast_winamp_manifest.rc
C:\USERS\JASON SNOW\DOCUMENTS\VISUAL STUDIO 2010\PROJECTS\ALTACAST\TRUNK\ALTACAST\SRC\DEBUG\ALTACASTSTANDALONE.EXE.EMBED.MANIFEST
C:\USERS\JASON SNOW\DOCUMENTS\VISUAL STUDIO 2010\PROJECTS\ALTACAST\TRUNK\ALTACAST\SRC\DEBUG\ALTACASTSTANDALONE.EXE.EMBED.MANIFEST.RES
C:\USERS\JASON SNOW\DOCUMENTS\VISUAL STUDIO 2010\PROJECTS\ALTACAST\TRUNK\ALTACAST\SRC\DEBUG\ALTACASTSTANDALONE.EXE.INTERMEDIATE.MANIFEST
C:\USERS\JASON SNOW\DOCUMENTS\VISUAL STUDIO 2010\PROJECTS\ALTACAST\TRUNK\ALTACAST\SRC\DEBUG\ALTACASTSTANDALONE.OBJ
C:\USERS\JASON SNOW\DOCUMENTS\VISUAL STUDIO 2010\PROJECTS\ALTACAST\TRUNK\ALTACAST\SRC\DEBUG\ALTACASTSTANDALONE.PDB
C:\Users\Jason Snow\Documents\Visual Studio 2010\Projects\AltaCast\trunk\AltaCast\src\Debug\altacastStandalone.vcxproj.ResolveComReference.cache
C:\Users\Jason Snow\Documents\Visual Studio 2010\Projects\AltaCast\trunk\AltaCast\src\Debug\altacastStandalone.write.1.tlog
C:\Users\Jason Snow\Documents\Visual Studio 2010\Projects\AltaCast\trunk\AltaCast\src\Debug\altacastStandalone_manifest.rc
C:\USERS\JASON SNOW\DOCUMENTS\VISUAL STUDIO 2010\PROJECTS\ALTACAST\TRUNK\ALTACAST\SRC\DEBUG\BASICSETTINGS.OBJ
C:\Users\Jason Snow\Documents\Visual Studio 2010\Projects\AltaCast\trunk\AltaCast\src\Debug\cl.command.1.tlog
C:\Users\Jason Snow\Documents\Visual Studio 2010\Projects\AltaCast\trunk\AltaCast\src\Debug\CL.read.1.tlog
C:\Users\Jason Snow\Documents\Visual Studio 2010\Projects\AltaCast\trunk\AltaCast\src\Debug\CL.write.1.tlog
C:\USERS\JASON SNOW\DOCUMENTS\VISUAL STUDIO 2010\PROJECTS\ALTACAST\TRUNK\ALTACAST\SRC\DEBUG\CONFIG.OBJ
C:\Users\Jason Snow\Documents\Visual Studio 2010\Projects\AltaCast\trunk\AltaCast\src\Debug\dsp_altacast.exp
C:\Users\Jason Snow\Documents\Visual Studio 2010\Projects\AltaCast\trunk\AltaCast\src\Debug\dsp_altacast.lib
C:\USERS\JASON SNOW\DOCUMENTS\VISUAL STUDIO 2010\PROJECTS\ALTACAST\TRUNK\ALTACAST\SRC\DEBUG\DSP_ALTACAST.PDB
C:\USERS\JASON SNOW\DOCUMENTS\VISUAL STUDIO 2010\PROJECTS\ALTACAST\TRUNK\ALTACAST\SRC\DEBUG\EDITMETADATA.OBJ
C:\USERS\JASON SNOW\DOCUMENTS\VISUAL STUDIO 2010\PROJECTS\ALTACAST\TRUNK\ALTACAST\SRC\DEBUG\FINDWINDOW.OBJ
C:\USERS\JASON SNOW\DOCUMENTS\VISUAL STUDIO 2010\PROJECTS\ALTACAST\TRUNK\ALTACAST\SRC\DEBUG\FLEXMETERS.OBJ
C:\USERS\JASON SNOW\DOCUMENTS\VISUAL STUDIO 2010\PROJECTS\ALTACAST\TRUNK\ALTACAST\SRC\DEBUG\FOO_ALTACAST.DLL
C:\Users\Jason Snow\Documents\Visual Studio 2010\Projects\AltaCast\trunk\AltaCast\src\Debug\foo_altacast.exp
C:\USERS\JASON SNOW\DOCUMENTS\VISUAL STUDIO 2010\PROJECTS\ALTACAST\TRUNK\ALTACAST\SRC\DEBUG\FOO_ALTACAST.ILK
C:\Users\Jason Snow\Documents\Visual Studio 2010\Projects\AltaCast\trunk\AltaCast\src\Debug\foo_altacast.lib
C:\USERS\JASON SNOW\DOCUMENTS\VISUAL STUDIO 2010\PROJECTS\ALTACAST\TRUNK\ALTACAST\SRC\DEBUG\FOO_ALTACAST.PDB
C:\Users\Jason Snow\Documents\Visual Studio 2010\Projects\AltaCast\trunk\AltaCast\src\Debug\link.command.1.tlog
C:\Users\Jason Snow\Documents\Visual Studio 2010\Projects\AltaCast\trunk\AltaCast\src\Debug\link.read.1.tlog
C:\Users\Jason Snow\Documents\Visual Studio 2010\Projects\AltaCast\trunk\AltaCast\src\Debug\link.write.1.tlog
C:\Users\Jason Snow\Documents\Visual Studio 2010\Projects\AltaCast\trunk\AltaCast\src\Debug\link-cvtres.read.1.tlog
C:\Users\Jason Snow\Documents\Visual Studio 2010\Projects\AltaCast\trunk\AltaCast\src\Debug\link-cvtres.write.1.tlog
C:\USERS\JASON SNOW\DOCUMENTS\VISUAL STUDIO 2010\PROJECTS\ALTACAST\TRUNK\ALTACAST\SRC\DEBUG\LOG.OBJ
C:\USERS\JASON SNOW\DOCUMENTS\VISUAL STUDIO 2010\PROJECTS\ALTACAST\TRUNK\ALTACAST\SRC\DEBUG\MAINWINDOW.OBJ
C:\Users\Jason Snow\Documents\Visual Studio 2010\Projects\AltaCast\trunk\AltaCast\src\Debug\mt.command.1.tlog
C:\Users\Jason Snow\Documents\Visual Studio 2010\Projects\AltaCast\trunk\AltaCast\src\Debug\mt.read.1.tlog
C:\Users\Jason Snow\Documents\Visual Studio 2010\Projects\AltaCast\trunk\AltaCast\src\Debug\mt.write.1.tlog
C:\Users\Jason Snow\Documents\Visual Studio 2010\Projects\AltaCast\trunk\AltaCast\src\Debug\Plugin_AltaCast.dll.embed.manifest
C:\Users\Jason Snow\Documents\Visual Studio 2010\Projects\AltaCast\trunk\AltaCast\src\Debug\rc.command.1.tlog
C:\Users\Jason Snow\Documents\Visual Studio 2010\Projects\AltaCast\trunk\AltaCast\src\Debug\rc.read.1.tlog
C:\Users\Jason Snow\Documents\Visual Studio 2010\Projects\AltaCast\trunk\AltaCast\src\Debug\rc.write.1.tlog
C:\Users\Jason Snow\Documents\Visual Studio 2010\Projects\AltaCast\trunk\AltaCast\src\Debug\ResolveAssemblyReference.cache
C:\USERS\JASON SNOW\DOCUMENTS\VISUAL STUDIO 2010\PROJECTS\ALTACAST\TRUNK\ALTACAST\SRC\DEBUG\SYSTEMTRAY.OBJ
C:\Users\Jason Snow\Documents\Visual Studio 2010\Projects\AltaCast\trunk\AltaCast\src\Debug\vc100.idb
C:\USERS\JASON SNOW\DOCUMENTS\VISUAL STUDIO 2010\PROJECTS\ALTACAST\TRUNK\ALTACAST\SRC\DEBUG\VC100.PDB
C:\Users\Jason Snow\Documents\Visual Studio 2010\Projects\AltaCast\trunk\AltaCast\src\Debug\vc80.idb
C:\Users\Jason Snow\Documents\Visual Studio 2010\Projects\AltaCast\trunk\AltaCast\src\Debug\vc80.pdb
C:\Users\Jason Snow\Documents\Visual Studio 2010\Projects\AltaCast\trunk\AltaCast\src\Debug\vc90.idb
C:\Users\Jason Snow\Documents\Visual Studio 2010\Projects\AltaCast\trunk\AltaCast\src\Debug\vc90.pdb
C:\USERS\JASON SNOW\DOCUMENTS\VISUAL STUDIO 2010\PROJECTS\ALTACAST\TRUNK\ALTACAST\SRC\DEBUG\YPSETTINGS.OBJ
