C:\USERS\JASON SNOW\DOCUMENTS\VISUAL STUDIO 2010\PROJECTS\ALTACAST\TRUNK\FOOBAR2000\FOOBAR2000\SDK\RELEASE\ABORT_CALLBACK.OBJ
C:\USERS\JASON SNOW\DOCUMENTS\VISUAL STUDIO 2010\PROJECTS\ALTACAST\TRUNK\FOOBAR2000\FOOBAR2000\SDK\RELEASE\ADVCONFIG.OBJ
C:\USERS\JASON SNOW\DOCUMENTS\VISUAL STUDIO 2010\PROJECTS\ALTACAST\TRUNK\FOOBAR2000\FOOBAR2000\SDK\RELEASE\ALBUM_ART.OBJ
C:\USERS\JASON SNOW\DOCUMENTS\VISUAL STUDIO 2010\PROJECTS\ALTACAST\TRUNK\FOOBAR2000\FOOBAR2000\SDK\RELEASE\APP_CLOSE_BLOCKER.OBJ
C:\USERS\JASON SNOW\DOCUMENTS\VISUAL STUDIO 2010\PROJECTS\ALTACAST\TRUNK\FOOBAR2000\FOOBAR2000\SDK\RELEASE\AUDIO_CHUNK.OBJ
C:\USERS\JASON SNOW\DOCUMENTS\VISUAL STUDIO 2010\PROJECTS\ALTACAST\TRUNK\FOOBAR2000\FOOBAR2000\SDK\RELEASE\AUDIO_CHUNK_CHANNEL_CONFIG.OBJ
C:\USERS\JASON SNOW\DOCUMENTS\VISUAL STUDIO 2010\PROJECTS\ALTACAST\TRUNK\FOOBAR2000\FOOBAR2000\SDK\RELEASE\CFG_VAR.OBJ
C:\USERS\JASON SNOW\DOCUMENTS\VISUAL STUDIO 2010\PROJECTS\ALTACAST\TRUNK\FOOBAR2000\FOOBAR2000\SDK\RELEASE\CHAPTERIZER.OBJ
C:\Users\Jason Snow\Documents\Visual Studio 2010\Projects\AltaCast\trunk\foobar2000\foobar2000\SDK\Release\cl.command.1.tlog
C:\Users\Jason Snow\Documents\Visual Studio 2010\Projects\AltaCast\trunk\foobar2000\foobar2000\SDK\Release\CL.read.1.tlog
C:\Users\Jason Snow\Documents\Visual Studio 2010\Projects\AltaCast\trunk\foobar2000\foobar2000\SDK\Release\CL.write.1.tlog
C:\USERS\JASON SNOW\DOCUMENTS\VISUAL STUDIO 2010\PROJECTS\ALTACAST\TRUNK\FOOBAR2000\FOOBAR2000\SDK\RELEASE\COMMANDLINE.OBJ
C:\USERS\JASON SNOW\DOCUMENTS\VISUAL STUDIO 2010\PROJECTS\ALTACAST\TRUNK\FOOBAR2000\FOOBAR2000\SDK\RELEASE\COMPLETION_NOTIFY.OBJ
C:\USERS\JASON SNOW\DOCUMENTS\VISUAL STUDIO 2010\PROJECTS\ALTACAST\TRUNK\FOOBAR2000\FOOBAR2000\SDK\RELEASE\COMPONENTVERSION.OBJ
C:\USERS\JASON SNOW\DOCUMENTS\VISUAL STUDIO 2010\PROJECTS\ALTACAST\TRUNK\FOOBAR2000\FOOBAR2000\SDK\RELEASE\CONFIG_OBJECT.OBJ
C:\USERS\JASON SNOW\DOCUMENTS\VISUAL STUDIO 2010\PROJECTS\ALTACAST\TRUNK\FOOBAR2000\FOOBAR2000\SDK\RELEASE\CONSOLE.OBJ
C:\USERS\JASON SNOW\DOCUMENTS\VISUAL STUDIO 2010\PROJECTS\ALTACAST\TRUNK\FOOBAR2000\FOOBAR2000\SDK\RELEASE\DSP.OBJ
C:\USERS\JASON SNOW\DOCUMENTS\VISUAL STUDIO 2010\PROJECTS\ALTACAST\TRUNK\FOOBAR2000\FOOBAR2000\SDK\RELEASE\DSP_MANAGER.OBJ
C:\USERS\JASON SNOW\DOCUMENTS\VISUAL STUDIO 2010\PROJECTS\ALTACAST\TRUNK\FOOBAR2000\FOOBAR2000\SDK\RELEASE\FILE_CACHED_IMPL.OBJ
C:\USERS\JASON SNOW\DOCUMENTS\VISUAL STUDIO 2010\PROJECTS\ALTACAST\TRUNK\FOOBAR2000\FOOBAR2000\SDK\RELEASE\FILE_INFO.OBJ
C:\USERS\JASON SNOW\DOCUMENTS\VISUAL STUDIO 2010\PROJECTS\ALTACAST\TRUNK\FOOBAR2000\FOOBAR2000\SDK\RELEASE\FILE_INFO_IMPL.OBJ
C:\USERS\JASON SNOW\DOCUMENTS\VISUAL STUDIO 2010\PROJECTS\ALTACAST\TRUNK\FOOBAR2000\FOOBAR2000\SDK\RELEASE\FILE_INFO_MERGE.OBJ
C:\USERS\JASON SNOW\DOCUMENTS\VISUAL STUDIO 2010\PROJECTS\ALTACAST\TRUNK\FOOBAR2000\FOOBAR2000\SDK\RELEASE\FILE_OPERATION_CALLBACK.OBJ
C:\USERS\JASON SNOW\DOCUMENTS\VISUAL STUDIO 2010\PROJECTS\ALTACAST\TRUNK\FOOBAR2000\FOOBAR2000\SDK\RELEASE\FILESYSTEM.OBJ
C:\USERS\JASON SNOW\DOCUMENTS\VISUAL STUDIO 2010\PROJECTS\ALTACAST\TRUNK\FOOBAR2000\FOOBAR2000\SDK\RELEASE\FILESYSTEM_HELPER.OBJ
C:\USERS\JASON SNOW\DOCUMENTS\VISUAL STUDIO 2010\PROJECTS\ALTACAST\TRUNK\FOOBAR2000\FOOBAR2000\SDK\RELEASE\FOOBAR2000_SDK.LIB
C:\USERS\JASON SNOW\DOCUMENTS\VISUAL STUDIO 2010\PROJECTS\ALTACAST\TRUNK\FOOBAR2000\FOOBAR2000\SDK\RELEASE\FOOBAR2000_SDK.PCH
C:\USERS\JASON SNOW\DOCUMENTS\VISUAL STUDIO 2010\PROJECTS\ALTACAST\TRUNK\FOOBAR2000\FOOBAR2000\SDK\RELEASE\GUIDS.OBJ
C:\USERS\JASON SNOW\DOCUMENTS\VISUAL STUDIO 2010\PROJECTS\ALTACAST\TRUNK\FOOBAR2000\FOOBAR2000\SDK\RELEASE\HASHER_MD5.OBJ
C:\USERS\JASON SNOW\DOCUMENTS\VISUAL STUDIO 2010\PROJECTS\ALTACAST\TRUNK\FOOBAR2000\FOOBAR2000\SDK\RELEASE\INPUT.OBJ
C:\USERS\JASON SNOW\DOCUMENTS\VISUAL STUDIO 2010\PROJECTS\ALTACAST\TRUNK\FOOBAR2000\FOOBAR2000\SDK\RELEASE\INPUT_FILE_TYPE.OBJ
C:\Users\Jason Snow\Documents\Visual Studio 2010\Projects\AltaCast\trunk\foobar2000\foobar2000\SDK\Release\lib.command.1.tlog
C:\Users\Jason Snow\Documents\Visual Studio 2010\Projects\AltaCast\trunk\foobar2000\foobar2000\SDK\Release\Lib-link.read.1.tlog
C:\Users\Jason Snow\Documents\Visual Studio 2010\Projects\AltaCast\trunk\foobar2000\foobar2000\SDK\Release\Lib-link.write.1.tlog
C:\USERS\JASON SNOW\DOCUMENTS\VISUAL STUDIO 2010\PROJECTS\ALTACAST\TRUNK\FOOBAR2000\FOOBAR2000\SDK\RELEASE\LINK_RESOLVER.OBJ
C:\USERS\JASON SNOW\DOCUMENTS\VISUAL STUDIO 2010\PROJECTS\ALTACAST\TRUNK\FOOBAR2000\FOOBAR2000\SDK\RELEASE\MAINMENU.OBJ
C:\USERS\JASON SNOW\DOCUMENTS\VISUAL STUDIO 2010\PROJECTS\ALTACAST\TRUNK\FOOBAR2000\FOOBAR2000\SDK\RELEASE\MEM_BLOCK_CONTAINER.OBJ
C:\USERS\JASON SNOW\DOCUMENTS\VISUAL STUDIO 2010\PROJECTS\ALTACAST\TRUNK\FOOBAR2000\FOOBAR2000\SDK\RELEASE\MENU_HELPERS.OBJ
C:\USERS\JASON SNOW\DOCUMENTS\VISUAL STUDIO 2010\PROJECTS\ALTACAST\TRUNK\FOOBAR2000\FOOBAR2000\SDK\RELEASE\MENU_ITEM.OBJ
C:\USERS\JASON SNOW\DOCUMENTS\VISUAL STUDIO 2010\PROJECTS\ALTACAST\TRUNK\FOOBAR2000\FOOBAR2000\SDK\RELEASE\MENU_MANAGER.OBJ
C:\USERS\JASON SNOW\DOCUMENTS\VISUAL STUDIO 2010\PROJECTS\ALTACAST\TRUNK\FOOBAR2000\FOOBAR2000\SDK\RELEASE\METADB.OBJ
C:\USERS\JASON SNOW\DOCUMENTS\VISUAL STUDIO 2010\PROJECTS\ALTACAST\TRUNK\FOOBAR2000\FOOBAR2000\SDK\RELEASE\METADB_HANDLE.OBJ
C:\USERS\JASON SNOW\DOCUMENTS\VISUAL STUDIO 2010\PROJECTS\ALTACAST\TRUNK\FOOBAR2000\FOOBAR2000\SDK\RELEASE\METADB_HANDLE_LIST.OBJ
C:\USERS\JASON SNOW\DOCUMENTS\VISUAL STUDIO 2010\PROJECTS\ALTACAST\TRUNK\FOOBAR2000\FOOBAR2000\SDK\RELEASE\PACKET_DECODER.OBJ
C:\USERS\JASON SNOW\DOCUMENTS\VISUAL STUDIO 2010\PROJECTS\ALTACAST\TRUNK\FOOBAR2000\FOOBAR2000\SDK\RELEASE\PLAYABLE_LOCATION.OBJ
C:\USERS\JASON SNOW\DOCUMENTS\VISUAL STUDIO 2010\PROJECTS\ALTACAST\TRUNK\FOOBAR2000\FOOBAR2000\SDK\RELEASE\PLAYBACK_CONTROL.OBJ
C:\USERS\JASON SNOW\DOCUMENTS\VISUAL STUDIO 2010\PROJECTS\ALTACAST\TRUNK\FOOBAR2000\FOOBAR2000\SDK\RELEASE\PLAYLIST.OBJ
C:\USERS\JASON SNOW\DOCUMENTS\VISUAL STUDIO 2010\PROJECTS\ALTACAST\TRUNK\FOOBAR2000\FOOBAR2000\SDK\RELEASE\PLAYLIST_LOADER.OBJ
C:\USERS\JASON SNOW\DOCUMENTS\VISUAL STUDIO 2010\PROJECTS\ALTACAST\TRUNK\FOOBAR2000\FOOBAR2000\SDK\RELEASE\POPUP_MESSAGE.OBJ
C:\USERS\JASON SNOW\DOCUMENTS\VISUAL STUDIO 2010\PROJECTS\ALTACAST\TRUNK\FOOBAR2000\FOOBAR2000\SDK\RELEASE\PREFERENCES_PAGE.OBJ
C:\USERS\JASON SNOW\DOCUMENTS\VISUAL STUDIO 2010\PROJECTS\ALTACAST\TRUNK\FOOBAR2000\FOOBAR2000\SDK\RELEASE\REPLAYGAIN.OBJ
C:\USERS\JASON SNOW\DOCUMENTS\VISUAL STUDIO 2010\PROJECTS\ALTACAST\TRUNK\FOOBAR2000\FOOBAR2000\SDK\RELEASE\REPLAYGAIN_INFO.OBJ
C:\USERS\JASON SNOW\DOCUMENTS\VISUAL STUDIO 2010\PROJECTS\ALTACAST\TRUNK\FOOBAR2000\FOOBAR2000\SDK\RELEASE\SEARCH_TOOLS.OBJ
C:\USERS\JASON SNOW\DOCUMENTS\VISUAL STUDIO 2010\PROJECTS\ALTACAST\TRUNK\FOOBAR2000\FOOBAR2000\SDK\RELEASE\SERVICE.OBJ
C:\USERS\JASON SNOW\DOCUMENTS\VISUAL STUDIO 2010\PROJECTS\ALTACAST\TRUNK\FOOBAR2000\FOOBAR2000\SDK\RELEASE\STDAFX.OBJ
C:\USERS\JASON SNOW\DOCUMENTS\VISUAL STUDIO 2010\PROJECTS\ALTACAST\TRUNK\FOOBAR2000\FOOBAR2000\SDK\RELEASE\TAG_PROCESSOR.OBJ
C:\USERS\JASON SNOW\DOCUMENTS\VISUAL STUDIO 2010\PROJECTS\ALTACAST\TRUNK\FOOBAR2000\FOOBAR2000\SDK\RELEASE\TAG_PROCESSOR_ID3V2.OBJ
C:\USERS\JASON SNOW\DOCUMENTS\VISUAL STUDIO 2010\PROJECTS\ALTACAST\TRUNK\FOOBAR2000\FOOBAR2000\SDK\RELEASE\THREADED_PROCESS.OBJ
C:\USERS\JASON SNOW\DOCUMENTS\VISUAL STUDIO 2010\PROJECTS\ALTACAST\TRUNK\FOOBAR2000\FOOBAR2000\SDK\RELEASE\TITLEFORMAT.OBJ
C:\USERS\JASON SNOW\DOCUMENTS\VISUAL STUDIO 2010\PROJECTS\ALTACAST\TRUNK\FOOBAR2000\FOOBAR2000\SDK\RELEASE\UI.OBJ
C:\USERS\JASON SNOW\DOCUMENTS\VISUAL STUDIO 2010\PROJECTS\ALTACAST\TRUNK\FOOBAR2000\FOOBAR2000\SDK\RELEASE\UI_ELEMENT.OBJ
C:\USERS\JASON SNOW\DOCUMENTS\VISUAL STUDIO 2010\PROJECTS\ALTACAST\TRUNK\FOOBAR2000\FOOBAR2000\SDK\RELEASE\VC100.PDB
