C:\DOCUMENTS AND SETTINGS\JASON SNOW\MY DOCUMENTS\VISUAL STUDIO 2010\PROJECTS\ALTACAST\TRUNK\ALTACAST\SRC\LIBALTACAST\RELEASE\CBUFFER.OBJ
C:\DOCUMENTS AND SETTINGS\JASON SNOW\MY DOCUMENTS\VISUAL STUDIO 2010\PROJECTS\ALTACAST\TRUNK\ALTACAST\SRC\LIBALTACAST\RELEASE\LIBALTACAST.LIB
C:\DOCUMENTS AND SETTINGS\JASON SNOW\MY DOCUMENTS\VISUAL STUDIO 2010\PROJECTS\ALTACAST\TRUNK\ALTACAST\SRC\LIBALTACAST\RELEASE\LIBALTACAST.OBJ
C:\DOCUMENTS AND SETTINGS\JASON SNOW\MY DOCUMENTS\VISUAL STUDIO 2010\PROJECTS\ALTACAST\TRUNK\ALTACAST\SRC\LIBALTACAST\RELEASE\RESAMPLE.OBJ
C:\DOCUMENTS AND SETTINGS\JASON SNOW\MY DOCUMENTS\VISUAL STUDIO 2010\PROJECTS\ALTACAST\TRUNK\ALTACAST\SRC\LIBALTACAST\RELEASE\SOCKET.OBJ
C:\DOCUMENTS AND SETTINGS\JASON SNOW\MY DOCUMENTS\VISUAL STUDIO 2010\PROJECTS\ALTACAST\TRUNK\ALTACAST\SRC\LIBALTACAST\RELEASE\VC100.PDB
C:\Users\Jason Snow\Documents\Visual Studio 2010\Projects\AltaCast\trunk\AltaCast\src\libaltacast\.\Release\libaltacast.lib
C:\USERS\JASON SNOW\DOCUMENTS\VISUAL STUDIO 2010\PROJECTS\ALTACAST\TRUNK\ALTACAST\SRC\LIBALTACAST\RELEASE\CBUFFER.OBJ
C:\Users\Jason Snow\Documents\Visual Studio 2010\Projects\AltaCast\trunk\AltaCast\src\libaltacast\Release\cl.command.1.tlog
C:\Users\Jason Snow\Documents\Visual Studio 2010\Projects\AltaCast\trunk\AltaCast\src\libaltacast\Release\CL.read.1.tlog
C:\Users\Jason Snow\Documents\Visual Studio 2010\Projects\AltaCast\trunk\AltaCast\src\libaltacast\Release\CL.write.1.tlog
C:\Users\Jason Snow\Documents\Visual Studio 2010\Projects\AltaCast\trunk\AltaCast\src\libaltacast\Release\lib.command.1.tlog
C:\USERS\JASON SNOW\DOCUMENTS\VISUAL STUDIO 2010\PROJECTS\ALTACAST\TRUNK\ALTACAST\SRC\LIBALTACAST\RELEASE\LIBALTACAST.LIB
C:\USERS\JASON SNOW\DOCUMENTS\VISUAL STUDIO 2010\PROJECTS\ALTACAST\TRUNK\ALTACAST\SRC\LIBALTACAST\RELEASE\LIBALTACAST.OBJ
C:\Users\Jason Snow\Documents\Visual Studio 2010\Projects\AltaCast\trunk\AltaCast\src\libaltacast\Release\Lib-link.read.1.tlog
C:\Users\Jason Snow\Documents\Visual Studio 2010\Projects\AltaCast\trunk\AltaCast\src\libaltacast\Release\Lib-link.write.1.tlog
C:\USERS\JASON SNOW\DOCUMENTS\VISUAL STUDIO 2010\PROJECTS\ALTACAST\TRUNK\ALTACAST\SRC\LIBALTACAST\RELEASE\RESAMPLE.OBJ
C:\USERS\JASON SNOW\DOCUMENTS\VISUAL STUDIO 2010\PROJECTS\ALTACAST\TRUNK\ALTACAST\SRC\LIBALTACAST\RELEASE\SOCKET.OBJ
C:\USERS\JASON SNOW\DOCUMENTS\VISUAL STUDIO 2010\PROJECTS\ALTACAST\TRUNK\ALTACAST\SRC\LIBALTACAST\RELEASE\VC100.PDB
C:\Users\Jason Snow\Documents\Visual Studio 2010\Projects\AltaCast\trunk\AltaCast\src\libaltacast\Release\vc80.idb
C:\Users\Jason Snow\Documents\Visual Studio 2010\Projects\AltaCast\trunk\AltaCast\src\libaltacast\Release\vc90.idb
