Build started 2/19/2016 21:12:16.
Project "C:\Users\Jason Snow\Documents\Visual Studio 2010\Projects\AltaCast\trunk\foobar2000\foobar2000\helpers\foobar2000_sdk_helpers.vcxproj" on node 2 (rebuild target(s)).
_PrepareForClean:
  Deleting file "Release\foobar2000_sdk_helpers.lastbuildstate".
InitializeBuildStatus:
  Creating "Release\foobar2000_sdk_helpers.unsuccessfulbuild" because "AlwaysCreate" was specified.
ClCompile:
  C:\Program Files\Microsoft Visual Studio 10.0\VC\bin\CL.exe /c /Zi /nologo /W3 /WX- /O1 /Oy- /GL /D WIN32 /D NDEBUG /D _WINDOWS /D _WIN32_WINNT=0x501 /D _UNICODE /D UNICODE /GF /Gm- /EHsc /MT /GS- /fp:fast /Zc:wchar_t /Zc:forScope /GR- /Yc"stdafx.h" /Fp"Release\foobar2000_sdk_helpers.pch" /Fo"Release\\" /Fd"Release\vc100.pdb" /Gd /TP /analyze- /errorReport:prompt StdAfx.cpp
  StdAfx.cpp
c:\users\jason snow\documents\visual studio 2010\projects\altacast\trunk\foobar2000\foobar2000\sdk\../shared/shared.h(822): warning C4996: 'wcscpy': This function or variable may be unsafe. Consider using wcscpy_s instead. To disable deprecation, use _CRT_SECURE_NO_WARNINGS. See online help for details.
          C:\Program Files\Microsoft Visual Studio 10.0\VC\include\string.h(283) : see declaration of 'wcscpy'
  C:\Program Files\Microsoft Visual Studio 10.0\VC\bin\CL.exe /c /Zi /nologo /W3 /WX- /O1 /Oy- /GL /D WIN32 /D NDEBUG /D _WINDOWS /D _WIN32_WINNT=0x501 /D _UNICODE /D UNICODE /GF /Gm- /EHsc /MT /GS- /fp:fast /Zc:wchar_t /Zc:forScope /GR- /Yu"stdafx.h" /Fp"Release\foobar2000_sdk_helpers.pch" /Fo"Release\\" /Fd"Release\vc100.pdb" /Gd /TP /analyze- /errorReport:prompt clipboard.cpp create_directory_helper.cpp cue_creator.cpp cue_parser.cpp cue_parser_embedding.cpp cuesheet_index_list.cpp dialog_resize_helper.cpp dropdown_helper.cpp dynamic_bitrate_helper.cpp file_info_const_impl.cpp file_list_helper.cpp file_move_helper.cpp filetimetools.cpp file_win32_wrapper.cpp IDataObjectUtils.cpp input_helpers.cpp listview_helper.cpp metadb_io_hintlist.cpp mp3_utils.cpp seekabilizer.cpp stream_buffer_helper.cpp text_file_loader.cpp VisUtils.cpp wildcard.cpp win32_dialog.cpp win32_misc.cpp window_placement_helper.cpp
  clipboard.cpp
  create_directory_helper.cpp
  cue_creator.cpp
  cue_parser.cpp
  cue_parser_embedding.cpp
  cuesheet_index_list.cpp
  dialog_resize_helper.cpp
  dropdown_helper.cpp
  dynamic_bitrate_helper.cpp
  file_info_const_impl.cpp
  file_list_helper.cpp
  file_move_helper.cpp
  filetimetools.cpp
  file_win32_wrapper.cpp
  IDataObjectUtils.cpp
  input_helpers.cpp
  listview_helper.cpp
  metadb_io_hintlist.cpp
  mp3_utils.cpp
  seekabilizer.cpp
  Compiling...
  stream_buffer_helper.cpp
  text_file_loader.cpp
  VisUtils.cpp
  wildcard.cpp
  win32_dialog.cpp
  win32_misc.cpp
  window_placement_helper.cpp
Lib:
  C:\Program Files\Microsoft Visual Studio 10.0\VC\bin\Lib.exe /OUT:"C:\Users\Jason Snow\Documents\Visual Studio 2010\Projects\AltaCast\trunk\AltaCast\src\Release\foobar2000_sdk_helpers.lib" /NOLOGO /LTCG Release\clipboard.obj
  Release\create_directory_helper.obj
  Release\cue_creator.obj
  Release\cue_parser.obj
  Release\cue_parser_embedding.obj
  Release\cuesheet_index_list.obj
  Release\dialog_resize_helper.obj
  Release\dropdown_helper.obj
  Release\dynamic_bitrate_helper.obj
  Release\file_info_const_impl.obj
  Release\file_list_helper.obj
  Release\file_move_helper.obj
  Release\filetimetools.obj
  Release\file_win32_wrapper.obj
  Release\IDataObjectUtils.obj
  Release\input_helpers.obj
  Release\listview_helper.obj
  Release\metadb_io_hintlist.obj
  Release\mp3_utils.obj
  Release\seekabilizer.obj
  Release\StdAfx.obj
  Release\stream_buffer_helper.obj
  Release\text_file_loader.obj
  Release\VisUtils.obj
  Release\wildcard.obj
  Release\win32_dialog.obj
  Release\win32_misc.obj
  Release\window_placement_helper.obj
  foobar2000_sdk_helpers.vcxproj -> C:\Users\Jason Snow\Documents\Visual Studio 2010\Projects\AltaCast\trunk\AltaCast\src\Release\foobar2000_sdk_helpers.lib
FinalizeBuildStatus:
  Deleting file "Release\foobar2000_sdk_helpers.unsuccessfulbuild".
  Touching "Release\foobar2000_sdk_helpers.lastbuildstate".
Done Building Project "C:\Users\Jason Snow\Documents\Visual Studio 2010\Projects\AltaCast\trunk\foobar2000\foobar2000\helpers\foobar2000_sdk_helpers.vcxproj" (rebuild target(s)).

Build succeeded.

Time Elapsed 00:00:30.07
