C:\USERS\JASON SNOW\DOCUMENTS\VISUAL STUDIO 2010\PROJECTS\ALTACAST\TRUNK\ALTACAST\SRC\RELEASE\FOOBAR2000_SDK_HELPERS.LIB
C:\Users\Jason Snow\Documents\Visual Studio 2010\Projects\AltaCast\trunk\foobar2000\foobar2000\helpers\Release\cl.command.1.tlog
C:\Users\Jason Snow\Documents\Visual Studio 2010\Projects\AltaCast\trunk\foobar2000\foobar2000\helpers\Release\CL.read.1.tlog
C:\Users\Jason Snow\Documents\Visual Studio 2010\Projects\AltaCast\trunk\foobar2000\foobar2000\helpers\Release\CL.write.1.tlog
C:\USERS\JASON SNOW\DOCUMENTS\VISUAL STUDIO 2010\PROJECTS\ALTACAST\TRUNK\FOOBAR2000\FOOBAR2000\HELPERS\RELEASE\CLIPBOARD.OBJ
C:\USERS\JASON SNOW\DOCUMENTS\VISUAL STUDIO 2010\PROJECTS\ALTACAST\TRUNK\FOOBAR2000\FOOBAR2000\HELPERS\RELEASE\CREATE_DIRECTORY_HELPER.OBJ
C:\USERS\JASON SNOW\DOCUMENTS\VISUAL STUDIO 2010\PROJECTS\ALTACAST\TRUNK\FOOBAR2000\FOOBAR2000\HELPERS\RELEASE\CUE_CREATOR.OBJ
C:\USERS\JASON SNOW\DOCUMENTS\VISUAL STUDIO 2010\PROJECTS\ALTACAST\TRUNK\FOOBAR2000\FOOBAR2000\HELPERS\RELEASE\CUE_PARSER.OBJ
C:\USERS\JASON SNOW\DOCUMENTS\VISUAL STUDIO 2010\PROJECTS\ALTACAST\TRUNK\FOOBAR2000\FOOBAR2000\HELPERS\RELEASE\CUE_PARSER_EMBEDDING.OBJ
C:\USERS\JASON SNOW\DOCUMENTS\VISUAL STUDIO 2010\PROJECTS\ALTACAST\TRUNK\FOOBAR2000\FOOBAR2000\HELPERS\RELEASE\CUESHEET_INDEX_LIST.OBJ
C:\USERS\JASON SNOW\DOCUMENTS\VISUAL STUDIO 2010\PROJECTS\ALTACAST\TRUNK\FOOBAR2000\FOOBAR2000\HELPERS\RELEASE\DIALOG_RESIZE_HELPER.OBJ
C:\USERS\JASON SNOW\DOCUMENTS\VISUAL STUDIO 2010\PROJECTS\ALTACAST\TRUNK\FOOBAR2000\FOOBAR2000\HELPERS\RELEASE\DROPDOWN_HELPER.OBJ
C:\USERS\JASON SNOW\DOCUMENTS\VISUAL STUDIO 2010\PROJECTS\ALTACAST\TRUNK\FOOBAR2000\FOOBAR2000\HELPERS\RELEASE\DYNAMIC_BITRATE_HELPER.OBJ
C:\USERS\JASON SNOW\DOCUMENTS\VISUAL STUDIO 2010\PROJECTS\ALTACAST\TRUNK\FOOBAR2000\FOOBAR2000\HELPERS\RELEASE\FILE_INFO_CONST_IMPL.OBJ
C:\USERS\JASON SNOW\DOCUMENTS\VISUAL STUDIO 2010\PROJECTS\ALTACAST\TRUNK\FOOBAR2000\FOOBAR2000\HELPERS\RELEASE\FILE_LIST_HELPER.OBJ
C:\USERS\JASON SNOW\DOCUMENTS\VISUAL STUDIO 2010\PROJECTS\ALTACAST\TRUNK\FOOBAR2000\FOOBAR2000\HELPERS\RELEASE\FILE_MOVE_HELPER.OBJ
C:\USERS\JASON SNOW\DOCUMENTS\VISUAL STUDIO 2010\PROJECTS\ALTACAST\TRUNK\FOOBAR2000\FOOBAR2000\HELPERS\RELEASE\FILE_WIN32_WRAPPER.OBJ
C:\USERS\JASON SNOW\DOCUMENTS\VISUAL STUDIO 2010\PROJECTS\ALTACAST\TRUNK\FOOBAR2000\FOOBAR2000\HELPERS\RELEASE\FILETIMETOOLS.OBJ
C:\USERS\JASON SNOW\DOCUMENTS\VISUAL STUDIO 2010\PROJECTS\ALTACAST\TRUNK\FOOBAR2000\FOOBAR2000\HELPERS\RELEASE\FOOBAR2000_SDK_HELPERS.PCH
C:\USERS\JASON SNOW\DOCUMENTS\VISUAL STUDIO 2010\PROJECTS\ALTACAST\TRUNK\FOOBAR2000\FOOBAR2000\HELPERS\RELEASE\IDATAOBJECTUTILS.OBJ
C:\USERS\JASON SNOW\DOCUMENTS\VISUAL STUDIO 2010\PROJECTS\ALTACAST\TRUNK\FOOBAR2000\FOOBAR2000\HELPERS\RELEASE\INPUT_HELPERS.OBJ
C:\Users\Jason Snow\Documents\Visual Studio 2010\Projects\AltaCast\trunk\foobar2000\foobar2000\helpers\Release\lib.command.1.tlog
C:\Users\Jason Snow\Documents\Visual Studio 2010\Projects\AltaCast\trunk\foobar2000\foobar2000\helpers\Release\Lib-link.read.1.tlog
C:\Users\Jason Snow\Documents\Visual Studio 2010\Projects\AltaCast\trunk\foobar2000\foobar2000\helpers\Release\Lib-link.write.1.tlog
C:\USERS\JASON SNOW\DOCUMENTS\VISUAL STUDIO 2010\PROJECTS\ALTACAST\TRUNK\FOOBAR2000\FOOBAR2000\HELPERS\RELEASE\LISTVIEW_HELPER.OBJ
C:\USERS\JASON SNOW\DOCUMENTS\VISUAL STUDIO 2010\PROJECTS\ALTACAST\TRUNK\FOOBAR2000\FOOBAR2000\HELPERS\RELEASE\METADB_IO_HINTLIST.OBJ
C:\USERS\JASON SNOW\DOCUMENTS\VISUAL STUDIO 2010\PROJECTS\ALTACAST\TRUNK\FOOBAR2000\FOOBAR2000\HELPERS\RELEASE\MP3_UTILS.OBJ
C:\USERS\JASON SNOW\DOCUMENTS\VISUAL STUDIO 2010\PROJECTS\ALTACAST\TRUNK\FOOBAR2000\FOOBAR2000\HELPERS\RELEASE\SEEKABILIZER.OBJ
C:\USERS\JASON SNOW\DOCUMENTS\VISUAL STUDIO 2010\PROJECTS\ALTACAST\TRUNK\FOOBAR2000\FOOBAR2000\HELPERS\RELEASE\STDAFX.OBJ
C:\USERS\JASON SNOW\DOCUMENTS\VISUAL STUDIO 2010\PROJECTS\ALTACAST\TRUNK\FOOBAR2000\FOOBAR2000\HELPERS\RELEASE\STREAM_BUFFER_HELPER.OBJ
C:\USERS\JASON SNOW\DOCUMENTS\VISUAL STUDIO 2010\PROJECTS\ALTACAST\TRUNK\FOOBAR2000\FOOBAR2000\HELPERS\RELEASE\TEXT_FILE_LOADER.OBJ
C:\USERS\JASON SNOW\DOCUMENTS\VISUAL STUDIO 2010\PROJECTS\ALTACAST\TRUNK\FOOBAR2000\FOOBAR2000\HELPERS\RELEASE\VC100.PDB
C:\USERS\JASON SNOW\DOCUMENTS\VISUAL STUDIO 2010\PROJECTS\ALTACAST\TRUNK\FOOBAR2000\FOOBAR2000\HELPERS\RELEASE\VISUTILS.OBJ
C:\USERS\JASON SNOW\DOCUMENTS\VISUAL STUDIO 2010\PROJECTS\ALTACAST\TRUNK\FOOBAR2000\FOOBAR2000\HELPERS\RELEASE\WILDCARD.OBJ
C:\USERS\JASON SNOW\DOCUMENTS\VISUAL STUDIO 2010\PROJECTS\ALTACAST\TRUNK\FOOBAR2000\FOOBAR2000\HELPERS\RELEASE\WIN32_DIALOG.OBJ
C:\USERS\JASON SNOW\DOCUMENTS\VISUAL STUDIO 2010\PROJECTS\ALTACAST\TRUNK\FOOBAR2000\FOOBAR2000\HELPERS\RELEASE\WIN32_MISC.OBJ
C:\USERS\JASON SNOW\DOCUMENTS\VISUAL STUDIO 2010\PROJECTS\ALTACAST\TRUNK\FOOBAR2000\FOOBAR2000\HELPERS\RELEASE\WINDOW_PLACEMENT_HELPER.OBJ
