C:\DOCUMENTS AND SETTINGS\JASON SNOW\MY DOCUMENTS\VISUAL STUDIO 2010\PROJECTS\ALTACAST\TRUNK\ALTACAST\SRC\RELEASE\ABOUT.OBJ
C:\DOCUMENTS AND SETTINGS\JASON SNOW\MY DOCUMENTS\VISUAL STUDIO 2010\PROJECTS\ALTACAST\TRUNK\ALTACAST\SRC\RELEASE\ADVANCEDSETTINGS.OBJ
C:\DOCUMENTS AND SETTINGS\JASON SNOW\MY DOCUMENTS\VISUAL STUDIO 2010\PROJECTS\ALTACAST\TRUNK\ALTACAST\SRC\RELEASE\ALTACAST.RES
C:\DOCUMENTS AND SETTINGS\JASON SNOW\MY DOCUMENTS\VISUAL STUDIO 2010\PROJECTS\ALTACAST\TRUNK\ALTACAST\SRC\RELEASE\ALTACAST_RADIODJ.DLL.INTERMEDIATE.MANIFEST
C:\DOCUMENTS AND SETTINGS\JASON SNOW\MY DOCUMENTS\VISUAL STUDIO 2010\PROJECTS\ALTACAST\TRUNK\ALTACAST\SRC\RELEASE\ALTACAST_RADIODJ.OBJ
C:\DOCUMENTS AND SETTINGS\JASON SNOW\MY DOCUMENTS\VISUAL STUDIO 2010\PROJECTS\ALTACAST\TRUNK\ALTACAST\SRC\RELEASE\BASICSETTINGS.OBJ
C:\DOCUMENTS AND SETTINGS\JASON SNOW\MY DOCUMENTS\VISUAL STUDIO 2010\PROJECTS\ALTACAST\TRUNK\ALTACAST\SRC\RELEASE\CONFIG.OBJ
C:\Documents and Settings\Jason Snow\My Documents\Visual Studio 2010\Projects\AltaCast\trunk\AltaCast\src\Release\dsp_altacast.exp
C:\Documents and Settings\Jason Snow\My Documents\Visual Studio 2010\Projects\AltaCast\trunk\AltaCast\src\Release\dsp_altacast.lib
C:\DOCUMENTS AND SETTINGS\JASON SNOW\MY DOCUMENTS\VISUAL STUDIO 2010\PROJECTS\ALTACAST\TRUNK\ALTACAST\SRC\RELEASE\EDITMETADATA.OBJ
C:\DOCUMENTS AND SETTINGS\JASON SNOW\MY DOCUMENTS\VISUAL STUDIO 2010\PROJECTS\ALTACAST\TRUNK\ALTACAST\SRC\RELEASE\FINDWINDOW.OBJ
C:\DOCUMENTS AND SETTINGS\JASON SNOW\MY DOCUMENTS\VISUAL STUDIO 2010\PROJECTS\ALTACAST\TRUNK\ALTACAST\SRC\RELEASE\FLEXMETERS.OBJ
C:\DOCUMENTS AND SETTINGS\JASON SNOW\MY DOCUMENTS\VISUAL STUDIO 2010\PROJECTS\ALTACAST\TRUNK\ALTACAST\SRC\RELEASE\LOG.OBJ
C:\DOCUMENTS AND SETTINGS\JASON SNOW\MY DOCUMENTS\VISUAL STUDIO 2010\PROJECTS\ALTACAST\TRUNK\ALTACAST\SRC\RELEASE\MAINWINDOW.OBJ
C:\DOCUMENTS AND SETTINGS\JASON SNOW\MY DOCUMENTS\VISUAL STUDIO 2010\PROJECTS\ALTACAST\TRUNK\ALTACAST\SRC\RELEASE\SYSTEMTRAY.OBJ
C:\DOCUMENTS AND SETTINGS\JASON SNOW\MY DOCUMENTS\VISUAL STUDIO 2010\PROJECTS\ALTACAST\TRUNK\ALTACAST\SRC\RELEASE\VC100.PDB
C:\DOCUMENTS AND SETTINGS\JASON SNOW\MY DOCUMENTS\VISUAL STUDIO 2010\PROJECTS\ALTACAST\TRUNK\ALTACAST\SRC\RELEASE\YPSETTINGS.OBJ
C:\PROGRAM FILES\RADIODJ\PLUGINS\DSP_RADIODJ.DLL
C:\USERS\JASON SNOW\DOCUMENTS\VISUAL STUDIO 2010\PROJECTS\ALTACAST\TRUNK\ALTACAST\SRC\BIN\RELEASE\ALTACASTSTANDALONE.EXE
C:\USERS\JASON SNOW\DOCUMENTS\VISUAL STUDIO 2010\PROJECTS\ALTACAST\TRUNK\ALTACAST\SRC\BIN\RELEASE\DSP_ALTACAST.DLL
C:\USERS\JASON SNOW\DOCUMENTS\VISUAL STUDIO 2010\PROJECTS\ALTACAST\TRUNK\ALTACAST\SRC\RELEASE\ABOUT.OBJ
C:\USERS\JASON SNOW\DOCUMENTS\VISUAL STUDIO 2010\PROJECTS\ALTACAST\TRUNK\ALTACAST\SRC\RELEASE\ADVANCEDSETTINGS.OBJ
C:\USERS\JASON SNOW\DOCUMENTS\VISUAL STUDIO 2010\PROJECTS\ALTACAST\TRUNK\ALTACAST\SRC\RELEASE\ALTACAST.RES
C:\Users\Jason Snow\Documents\Visual Studio 2010\Projects\AltaCast\trunk\AltaCast\src\Release\altacast_foobar.write.1.tlog
C:\Users\Jason Snow\Documents\Visual Studio 2010\Projects\AltaCast\trunk\AltaCast\src\Release\altacast_radiodj.dll.intermediate.manifest
C:\Users\Jason Snow\Documents\Visual Studio 2010\Projects\AltaCast\trunk\AltaCast\src\Release\altacast_radiodj.obj
C:\Users\Jason Snow\Documents\Visual Studio 2010\Projects\AltaCast\trunk\AltaCast\src\Release\altacast_radiodj.write.1.tlog
C:\USERS\JASON SNOW\DOCUMENTS\VISUAL STUDIO 2010\PROJECTS\ALTACAST\TRUNK\ALTACAST\SRC\RELEASE\ALTACAST_WINAMP.DLL.INTERMEDIATE.MANIFEST
C:\USERS\JASON SNOW\DOCUMENTS\VISUAL STUDIO 2010\PROJECTS\ALTACAST\TRUNK\ALTACAST\SRC\RELEASE\ALTACAST_WINAMP.OBJ
C:\Users\Jason Snow\Documents\Visual Studio 2010\Projects\AltaCast\trunk\AltaCast\src\Release\altacast_winamp.write.1.tlog
C:\USERS\JASON SNOW\DOCUMENTS\VISUAL STUDIO 2010\PROJECTS\ALTACAST\TRUNK\ALTACAST\SRC\RELEASE\ALTACASTSTANDALONE.EXE.INTERMEDIATE.MANIFEST
C:\USERS\JASON SNOW\DOCUMENTS\VISUAL STUDIO 2010\PROJECTS\ALTACAST\TRUNK\ALTACAST\SRC\RELEASE\ALTACASTSTANDALONE.OBJ
C:\Users\Jason Snow\Documents\Visual Studio 2010\Projects\AltaCast\trunk\AltaCast\src\Release\altacastStandalone.vcxproj.ResolveComReference.cache
C:\Users\Jason Snow\Documents\Visual Studio 2010\Projects\AltaCast\trunk\AltaCast\src\Release\altacastStandalone.write.1.tlog
C:\USERS\JASON SNOW\DOCUMENTS\VISUAL STUDIO 2010\PROJECTS\ALTACAST\TRUNK\ALTACAST\SRC\RELEASE\BASICSETTINGS.OBJ
C:\Users\Jason Snow\Documents\Visual Studio 2010\Projects\AltaCast\trunk\AltaCast\src\Release\cl.command.1.tlog
C:\Users\Jason Snow\Documents\Visual Studio 2010\Projects\AltaCast\trunk\AltaCast\src\Release\CL.read.1.tlog
C:\Users\Jason Snow\Documents\Visual Studio 2010\Projects\AltaCast\trunk\AltaCast\src\Release\CL.write.1.tlog
C:\USERS\JASON SNOW\DOCUMENTS\VISUAL STUDIO 2010\PROJECTS\ALTACAST\TRUNK\ALTACAST\SRC\RELEASE\CONFIG.OBJ
C:\Users\Jason Snow\Documents\Visual Studio 2010\Projects\AltaCast\trunk\AltaCast\src\Release\dsp_altacast.dll.intermediate.manifest
C:\Users\Jason Snow\Documents\Visual Studio 2010\Projects\AltaCast\trunk\AltaCast\src\Release\dsp_altacast.exp
C:\Users\Jason Snow\Documents\Visual Studio 2010\Projects\AltaCast\trunk\AltaCast\src\Release\dsp_altacast.lib
C:\Users\Jason Snow\Documents\Visual Studio 2010\Projects\AltaCast\trunk\AltaCast\src\Release\dsp_radiodj.dll.intermediate.manifest
C:\Users\Jason Snow\Documents\Visual Studio 2010\Projects\AltaCast\trunk\AltaCast\src\Release\Dummy.obj
C:\USERS\JASON SNOW\DOCUMENTS\VISUAL STUDIO 2010\PROJECTS\ALTACAST\TRUNK\ALTACAST\SRC\RELEASE\EDITMETADATA.OBJ
C:\USERS\JASON SNOW\DOCUMENTS\VISUAL STUDIO 2010\PROJECTS\ALTACAST\TRUNK\ALTACAST\SRC\RELEASE\FINDWINDOW.OBJ
C:\USERS\JASON SNOW\DOCUMENTS\VISUAL STUDIO 2010\PROJECTS\ALTACAST\TRUNK\ALTACAST\SRC\RELEASE\FLEXMETERS.OBJ
C:\Users\Jason Snow\Documents\Visual Studio 2010\Projects\AltaCast\trunk\AltaCast\src\Release\foo_altacast.dll.intermediate.manifest
C:\Users\Jason Snow\Documents\Visual Studio 2010\Projects\AltaCast\trunk\AltaCast\src\Release\link.4048.read.1.tlog
C:\Users\Jason Snow\Documents\Visual Studio 2010\Projects\AltaCast\trunk\AltaCast\src\Release\link.4048.write.1.tlog
C:\Users\Jason Snow\Documents\Visual Studio 2010\Projects\AltaCast\trunk\AltaCast\src\Release\link.4048-cvtres.read.1.tlog
C:\Users\Jason Snow\Documents\Visual Studio 2010\Projects\AltaCast\trunk\AltaCast\src\Release\link.4048-cvtres.write.1.tlog
C:\Users\Jason Snow\Documents\Visual Studio 2010\Projects\AltaCast\trunk\AltaCast\src\Release\link.command.1.tlog
C:\Users\Jason Snow\Documents\Visual Studio 2010\Projects\AltaCast\trunk\AltaCast\src\Release\link.read.1.tlog
C:\Users\Jason Snow\Documents\Visual Studio 2010\Projects\AltaCast\trunk\AltaCast\src\Release\link.write.1.tlog
C:\Users\Jason Snow\Documents\Visual Studio 2010\Projects\AltaCast\trunk\AltaCast\src\Release\link-cvtres.read.1.tlog
C:\Users\Jason Snow\Documents\Visual Studio 2010\Projects\AltaCast\trunk\AltaCast\src\Release\link-cvtres.write.1.tlog
C:\USERS\JASON SNOW\DOCUMENTS\VISUAL STUDIO 2010\PROJECTS\ALTACAST\TRUNK\ALTACAST\SRC\RELEASE\LOG.OBJ
C:\USERS\JASON SNOW\DOCUMENTS\VISUAL STUDIO 2010\PROJECTS\ALTACAST\TRUNK\ALTACAST\SRC\RELEASE\MAINWINDOW.OBJ
C:\Users\Jason Snow\Documents\Visual Studio 2010\Projects\AltaCast\trunk\AltaCast\src\Release\mt.command.1.tlog
C:\Users\Jason Snow\Documents\Visual Studio 2010\Projects\AltaCast\trunk\AltaCast\src\Release\mt.read.1.tlog
C:\Users\Jason Snow\Documents\Visual Studio 2010\Projects\AltaCast\trunk\AltaCast\src\Release\mt.write.1.tlog
C:\Users\Jason Snow\Documents\Visual Studio 2010\Projects\AltaCast\trunk\AltaCast\src\Release\rc.command.1.tlog
C:\Users\Jason Snow\Documents\Visual Studio 2010\Projects\AltaCast\trunk\AltaCast\src\Release\rc.read.1.tlog
C:\Users\Jason Snow\Documents\Visual Studio 2010\Projects\AltaCast\trunk\AltaCast\src\Release\rc.write.1.tlog
C:\Users\Jason Snow\Documents\Visual Studio 2010\Projects\AltaCast\trunk\AltaCast\src\Release\ResolveAssemblyReference.cache
C:\USERS\JASON SNOW\DOCUMENTS\VISUAL STUDIO 2010\PROJECTS\ALTACAST\TRUNK\ALTACAST\SRC\RELEASE\SYSTEMTRAY.OBJ
C:\USERS\JASON SNOW\DOCUMENTS\VISUAL STUDIO 2010\PROJECTS\ALTACAST\TRUNK\ALTACAST\SRC\RELEASE\VC100.PDB
C:\Users\Jason Snow\Documents\Visual Studio 2010\Projects\AltaCast\trunk\AltaCast\src\Release\vc80.idb
C:\Users\Jason Snow\Documents\Visual Studio 2010\Projects\AltaCast\trunk\AltaCast\src\Release\vc90.idb
C:\USERS\JASON SNOW\DOCUMENTS\VISUAL STUDIO 2010\PROJECTS\ALTACAST\TRUNK\ALTACAST\SRC\RELEASE\YPSETTINGS.OBJ
